Build started 3/31/2017 1:08:02 PM.
     1>Project "C:\Users\Ben\Documents\GitHub\joust\joust\joust.vcxproj" on node 2 (Build target(s)).
     1>ClCompile:
         C:\Program Files (x86)\Microsoft Visual Studio 12.0\VC\bin\CL.exe /c /I"C:\SFML-2.4.2\include" /ZI /nologo /W3 /WX- /sdl /Od /Oy- /D SFML_STATIC /D WIN32 /D _DEBUG /D _CONSOLE /D _LIB /D _UNICODE /D UNICODE /Gm /EHsc /RTC1 /MDd /GS /fp:precise /Zc:wchar_t /Zc:forScope /Yu"stdafx.h" /Fp"Debug\joust.pch" /Fo"Debug\\" /Fd"Debug\vc120.pdb" /Gd /TP /analyze- /errorReport:prompt StateManager.cpp
         StateManager.cpp
     1>c:\users\ben\documents\github\joust\joust\statemanager.cpp(89): warning C4018: '<' : signed/unsigned mismatch
     1>c:\users\ben\documents\github\joust\joust\statemanager.cpp(105): warning C4018: '<' : signed/unsigned mismatch
     1>c:\users\ben\documents\github\joust\joust\statemanager.cpp(139): warning C4018: '<' : signed/unsigned mismatch
     1>c:\users\ben\documents\github\joust\joust\statemanager.cpp(143): warning C4244: 'argument' : conversion from 'double' to 'float', possible loss of data
     1>c:\users\ben\documents\github\joust\joust\statemanager.cpp(243): warning C4018: '<' : signed/unsigned mismatch
     1>c:\users\ben\documents\github\joust\joust\statemanager.cpp(262): warning C4018: '<' : signed/unsigned mismatch
     1>c:\users\ben\documents\github\joust\joust\statemanager.cpp(282): warning C4018: '<' : signed/unsigned mismatch
     1>c:\users\ben\documents\github\joust\joust\statemanager.cpp(233): warning C4101: 'coly' : unreferenced local variable
     1>c:\users\ben\documents\github\joust\joust\statemanager.cpp(233): warning C4101: 'colx' : unreferenced local variable
       Link:
         C:\Program Files (x86)\Microsoft Visual Studio 12.0\VC\bin\link.exe /ERRORREPORT:PROMPT /OUT:"C:\Users\Ben\Documents\GitHub\joust\Debug\joust.exe" /INCREMENTAL /NOLOGO /LIBPATH:"C:\SFML-2.4.2\lib" "sfml-graphics-s-d.lib" "sfml-window-s-d.lib" "sfml-audio-s-d.lib" "sfml-network-s-d.lib" "sfml-system-s-d.lib" "sfml-window-s.lib" "sfml-system-s.lib" opengl32.lib freetype.lib jpeg.lib winmm.lib gdi32.lib flac.lib vorbisenc.lib vorbisfile.lib vorbis.lib ogg.lib ws2_32.lib openal32.lib kernel32.lib user32.lib gdi32.lib winspool.lib comdlg32.lib advapi32.lib shell32.lib ole32.lib oleaut32.lib uuid.lib odbc32.lib odbccp32.lib /MANIFEST /MANIFESTUAC:"level='asInvoker' uiAccess='false'" /manifest:embed /DEBUG /PDB:"C:\Users\Ben\Documents\GitHub\joust\Debug\joust.pdb" /SUBSYSTEM:CONSOLE /TLBID:1 /DYNAMICBASE /NXCOMPAT /IMPLIB:"C:\Users\Ben\Documents\GitHub\joust\Debug\joust.lib" /MACHINE:X86 Debug\Enemy.obj
         Debug\GameObject.obj
         Debug\joust.obj
         Debug\Player.obj
         Debug\StateManager.obj
         Debug\stdafx.obj
         joust.vcxproj -> C:\Users\Ben\Documents\GitHub\joust\Debug\joust.exe
     1>Done Building Project "C:\Users\Ben\Documents\GitHub\joust\joust\joust.vcxproj" (Build target(s)).

Build succeeded.

Time Elapsed 00:00:00.79
